  RansacShapeDetector.cpp
C:\Users\lucas\Documents\GitHub\Sewer-Pipes-Measurement\src\RealSense\Sewer_pepe_measurement\Sewer_pepe_measurement\RansacShapeDetector.cpp(69,25): warning C4244: 'argument' : conversion de 'const _Ty' en 'float', perte possible de données
          with
          [
              _Ty=double
          ]
C:\Users\lucas\Documents\GitHub\Sewer-Pipes-Measurement\src\RealSense\Sewer_pepe_measurement\Sewer_pepe_measurement\RansacShapeDetector.cpp(68,25): warning C4244: 'argument' : conversion de 'const _Ty' en 'float', perte possible de données
          with
          [
              _Ty=double
          ]
C:\Users\lucas\Documents\GitHub\Sewer-Pipes-Measurement\src\RealSense\Sewer_pepe_measurement\Sewer_pepe_measurement\RansacShapeDetector.cpp(67,31): warning C4244: 'argument' : conversion de 'const _Ty' en 'float', perte possible de données
          with
          [
              _Ty=double
          ]
C:\Users\lucas\Documents\GitHub\Sewer-Pipes-Measurement\src\RealSense\Sewer_pepe_measurement\Sewer_pepe_measurement\RansacShapeDetector.cpp(117,33): warning C4305: '=' : troncation de 'double' à 'float'
C:\Users\lucas\Documents\GitHub\Sewer-Pipes-Measurement\src\RealSense\Sewer_pepe_measurement\Sewer_pepe_measurement\RansacShapeDetector.cpp(119,38): warning C4244: '=' : conversion de 'double' en 'float', perte possible de données
RansacShapeDetector.obj : error LNK2019: symbole externe non résolu "public: __thiscall PointCloud::PointCloud(void)" (??0PointCloud@@QAE@XZ) référencé dans la fonction _main
RansacShapeDetector.obj : error LNK2019: symbole externe non résolu "public: void __thiscall PointCloud::calcNormals(float,unsigned int,unsigned int)" (?calcNormals@PointCloud@@QAEXMII@Z) référencé dans la fonction _main
RansacShapeDetector.obj : error LNK2019: symbole externe non résolu "public: __thiscall RansacShapeDetector::RansacShapeDetector(struct RansacShapeDetector::Options const &)" (??0RansacShapeDetector@@QAE@ABUOptions@0@@Z) référencé dans la fonction _main
RansacShapeDetector.obj : error LNK2019: symbole externe non résolu "public: virtual __thiscall RansacShapeDetector::~RansacShapeDetector(void)" (??1RansacShapeDetector@@UAE@XZ) référencé dans la fonction _main
RansacShapeDetector.obj : error LNK2019: symbole externe non résolu "public: void __thiscall RansacShapeDetector::Add(class PrimitiveShapeConstructor *)" (?Add@RansacShapeDetector@@QAEXPAVPrimitiveShapeConstructor@@@Z) référencé dans la fonction _main
RansacShapeDetector.obj : error LNK2019: symbole externe non résolu "public: unsigned int __thiscall RansacShapeDetector::Detect(class PointCloud &,unsigned int,unsigned int,class MiscLib::Vector<struct std::pair<class MiscLib::RefCountPtr<class PrimitiveShape>,unsigned int>,class MiscLib::AlignedAllocator<struct std::pair<class MiscLib::RefCountPtr<class PrimitiveShape>,unsigned int>,4> > *)" (?Detect@RansacShapeDetector@@QAEIAAVPointCloud@@IIPAV?$Vector@U?$pair@V?$RefCountPtr@VPrimitiveShape@@@MiscLib@@I@std@@V?$AlignedAllocator@U?$pair@V?$RefCountPtr@VPrimitiveShape@@@MiscLib@@I@std@@$03@MiscLib@@@MiscLib@@@Z) référencé dans la fonction _main
RansacShapeDetector.obj : error LNK2019: symbole externe non résolu "public: float __thiscall Cylinder::Radius(void)const " (?Radius@Cylinder@@QBEMXZ) référencé dans la fonction _main
RansacShapeDetector.obj : error LNK2019: symbole externe non résolu "public: class Vec3f const & __thiscall Cylinder::AxisDirection(void)const " (?AxisDirection@Cylinder@@QBEABVVec3f@@XZ) référencé dans la fonction _main
RansacShapeDetector.obj : error LNK2019: symbole externe non résolu "public: class Vec3f const & __thiscall Cylinder::AxisPosition(void)const " (?AxisPosition@Cylinder@@QBEABVVec3f@@XZ) référencé dans la fonction _main
RansacShapeDetector.obj : error LNK2019: symbole externe non résolu "public: class Vec3f const __thiscall Cylinder::AngularDirection(void)const " (?AngularDirection@Cylinder@@QBE?BVVec3f@@XZ) référencé dans la fonction _main
RansacShapeDetector.obj : error LNK2019: symbole externe non résolu "public: float __thiscall CylinderPrimitiveShape::Height(void)const " (?Height@CylinderPrimitiveShape@@QBEMXZ) référencé dans la fonction _main
RansacShapeDetector.obj : error LNK2019: symbole externe non résolu "public: float __thiscall CylinderPrimitiveShape::MinHeight(void)const " (?MinHeight@CylinderPrimitiveShape@@QBEMXZ) référencé dans la fonction _main
RansacShapeDetector.obj : error LNK2019: symbole externe non résolu "public: float __thiscall CylinderPrimitiveShape::MaxHeight(void)const " (?MaxHeight@CylinderPrimitiveShape@@QBEMXZ) référencé dans la fonction _main
RansacShapeDetector.obj : error LNK2019: symbole externe non résolu "public: __thiscall CylinderPrimitiveShapeConstructor::CylinderPrimitiveShapeConstructor(float,float,float)" (??0CylinderPrimitiveShapeConstructor@@QAE@MMM@Z) référencé dans la fonction _main
C:\Users\lucas\Documents\GitHub\Sewer-Pipes-Measurement\src\RealSense\Sewer_pepe_measurement\Debug\Sewer_pepe_measurement.exe : fatal error LNK1120: 14 externes non résolus
